# TLS secrets log file, generated by OpenSSL / Python
SERVER_HANDSHAKE_TRAFFIC_SECRET d97b60e9bb9d6cfafc3e18a339bc7b84f5a912ae740b1ffb45fb1483c6a0ed89 62ff7a93d208d1292d3e0a72f2d2ce40c8e52b91d1f36abda3eabec0e4b4e3f90daeafcd3463eb94fb26b9a9c8337660
EXPORTER_SECRET d97b60e9bb9d6cfafc3e18a339bc7b84f5a912ae740b1ffb45fb1483c6a0ed89 b91dbc94f94f8d76068745c730a9c8f249e78a42b969bdb7625657b6239ae1d61357ffd08cbec465edf59c20d3902540
SERVER_TRAFFIC_SECRET_0 d97b60e9bb9d6cfafc3e18a339bc7b84f5a912ae740b1ffb45fb1483c6a0ed89 e7a3c5655820485bbd2712fd81ff6be5575e3ac4629929320452bf36d418e66ae080c8e32ee42590cf46933717071d93
CLIENT_HANDSHAKE_TRAFFIC_SECRET d97b60e9bb9d6cfafc3e18a339bc7b84f5a912ae740b1ffb45fb1483c6a0ed89 822defd099b095114c808d8f95a85b54a43dffff48c453f7d9823531a85faf68c7f7fc247fe49d491858eb225d44e767
CLIENT_TRAFFIC_SECRET_0 d97b60e9bb9d6cfafc3e18a339bc7b84f5a912ae740b1ffb45fb1483c6a0ed89 41956ed775f63fc61adc26b93d341471d599b1b294c171be4236c1b92b2fbec1180fc80cc47a644ee3333c047406f3a0
SERVER_HANDSHAKE_TRAFFIC_SECRET ea4697bdef07fc11b8281abadeb0e89489c34780177007b17ec30104fc682c99 438247e0ae4d099b646fc7c291e9179379b857c8acb80fd4931e54940452e4c76e1f3fdbf04bb43766a56a2d3f7825f8
EXPORTER_SECRET ea4697bdef07fc11b8281abadeb0e89489c34780177007b17ec30104fc682c99 ee81bcf7db7dce56c40aed59ba7f7e6706136ef856e5503f707711dc83cb59a21fd58e2a8a998a4c38144985741855a3
SERVER_TRAFFIC_SECRET_0 ea4697bdef07fc11b8281abadeb0e89489c34780177007b17ec30104fc682c99 b68fd3c63365e05f8436d62a610c2a11411718a438284b0c716741f5b64262fb8c5664087703e4b94b1749ccd25d2b25
CLIENT_HANDSHAKE_TRAFFIC_SECRET ea4697bdef07fc11b8281abadeb0e89489c34780177007b17ec30104fc682c99 7e707fe1007565d5551d1cf24279dde7d5789da6936fe1d9cba45546d7b56023700020aa214a555899a33088b2dbfbee
CLIENT_TRAFFIC_SECRET_0 ea4697bdef07fc11b8281abadeb0e89489c34780177007b17ec30104fc682c99 0c1a76abb6856a04ee39c83ec681e0fb731b0973422a1838289b82f0d468310b79306f29c2b39df665716122594c833e
SERVER_HANDSHAKE_TRAFFIC_SECRET a9dc913e44f539407fad225c9681bc138d720a31c0fb28d2578e4ccbd6ded811 05e8690d0f5f181e9062abd7b6233f6a44339950aae8c15dece0388207432cde38a7290413bcb849989d19ae69b71590
EXPORTER_SECRET a9dc913e44f539407fad225c9681bc138d720a31c0fb28d2578e4ccbd6ded811 09f50de7512693c0c8308edadbce95347245fc51755c88df1887264dcf2e29367e245a98c2cc3ca7fce459da80c7dec3
SERVER_TRAFFIC_SECRET_0 a9dc913e44f539407fad225c9681bc138d720a31c0fb28d2578e4ccbd6ded811 1a9ea662dc94351bfadba7e7ae7d0037768c5c50a57bd2305a7760b3dd07476baf4b92d1faba6dca8c0c50549aa178ef
CLIENT_HANDSHAKE_TRAFFIC_SECRET a9dc913e44f539407fad225c9681bc138d720a31c0fb28d2578e4ccbd6ded811 fe249fdf9a85269896f15f8b0a188a13b6dbea22795ad84e2e95a12aa2c6930469a42261dc2ada509b23fc5351f3de19
CLIENT_TRAFFIC_SECRET_0 a9dc913e44f539407fad225c9681bc138d720a31c0fb28d2578e4ccbd6ded811 62eb84fa0cb925c54c2ca507d64b32bbde93d8ac465fc80ed93ebacc9083d8a1f3c67ed4f17a3f2e61e1be38caebf37b
SERVER_HANDSHAKE_TRAFFIC_SECRET a17cb961591440cbe6dba12ce555395fd54faac5b16d088a0fd0d365daf825fb 01992e498305fa391b49dfa8ea9e479ab8e4ed3bae4bfbc68339a97c303dbc225e205682733e3ae9782e536b32beaa9e
EXPORTER_SECRET a17cb961591440cbe6dba12ce555395fd54faac5b16d088a0fd0d365daf825fb 2249619084a65f6ffbae2a10bb5f6e6bf0fdaa87208dc9fcc246d403dbd6212519ab992541761f054bc81c49d7195159
SERVER_TRAFFIC_SECRET_0 a17cb961591440cbe6dba12ce555395fd54faac5b16d088a0fd0d365daf825fb 3c6f4a3d3542e9b010f45cbdd52b009db24f7073655ca7467d0de05118eb62aba11559309d1442d135a24941b086f55c
CLIENT_HANDSHAKE_TRAFFIC_SECRET a17cb961591440cbe6dba12ce555395fd54faac5b16d088a0fd0d365daf825fb 8cfa5be1d1649d4a55263a583728524adb7d0518aae716a7c67371e6299d33c8798327ecf0083e5e24742add27857c81
CLIENT_TRAFFIC_SECRET_0 a17cb961591440cbe6dba12ce555395fd54faac5b16d088a0fd0d365daf825fb 59d37b68c108989eb93bec9c05c9da8c54ed8e69de2b21eeceec00b28a9c5db1e0ff3a8167370ec9241cac689b7aa1ec
SERVER_HANDSHAKE_TRAFFIC_SECRET 411e0adbd0f3fcd4e39142d5490ae6eee09edb95846f51cb273b3f1603f33e77 46f5575fb8a27f1f85b4cf71dbf0b5a639403e408ce8ebdc2f951a6eb503fcadc32b73d350c53ea4437dabfc23672a1c
EXPORTER_SECRET 411e0adbd0f3fcd4e39142d5490ae6eee09edb95846f51cb273b3f1603f33e77 c9bea37a74e02d346b4b6a3c8bdd153754b11c71bcf91e94d615d35eef03c3fe1260c5ea3c18f3359fdd0018f68a7bd4
SERVER_TRAFFIC_SECRET_0 411e0adbd0f3fcd4e39142d5490ae6eee09edb95846f51cb273b3f1603f33e77 b167db5532561fc4ea01ec15c891bccd6433b5882846ada542a1534648d9328cbd7846a688392e7c5afadfe1113799a2
CLIENT_HANDSHAKE_TRAFFIC_SECRET 411e0adbd0f3fcd4e39142d5490ae6eee09edb95846f51cb273b3f1603f33e77 5051832344f8e98b4b0b90b77b8c10ee07314841f8405cdc381702af582ee29c3bb8c6245e07431addfb5362dc167158
CLIENT_TRAFFIC_SECRET_0 411e0adbd0f3fcd4e39142d5490ae6eee09edb95846f51cb273b3f1603f33e77 0485776ee9b80579ae6628c549ea93bf4a0f5e1284d99361726abd8da0e90a8ebb178487de39d85135747ab40a9fc8e1
SERVER_HANDSHAKE_TRAFFIC_SECRET 4839815840bfc59b850e5c406f684981b44d7321e8d950384571a79702872847 7af76281b0029acb9bc1dbc0c44377a772d8d550eebec9151b49edb77c15b5729e781bd62942ef35432c85ba000d12cf
EXPORTER_SECRET 4839815840bfc59b850e5c406f684981b44d7321e8d950384571a79702872847 c2ffe508d5122d45f391e37654977fd432e409ed2df7c48c41c2c989bc205c3c2acc1686ba9a6bb518c6161de83f6413
SERVER_TRAFFIC_SECRET_0 4839815840bfc59b850e5c406f684981b44d7321e8d950384571a79702872847 a69eca9b82de47438f00acb3778ecaab17ca17415f629864fb4b1034d5c830c7d8eed80034feb45d59250b068f4db59a
CLIENT_HANDSHAKE_TRAFFIC_SECRET 4839815840bfc59b850e5c406f684981b44d7321e8d950384571a79702872847 b5844c4a3d70cf6a5e37e31a4bb0b5b13b8d06eb39f365a658380fdd85d171f6e216bb63cb3c2e18e645c176c2026288
CLIENT_TRAFFIC_SECRET_0 4839815840bfc59b850e5c406f684981b44d7321e8d950384571a79702872847 3bfa19769ca47144da5888552e3fd4d75d0bbc8c9d5a3cfc45ccb9f182b3a689caa2fe90bb1bef0b18435203bb9ef65a
SERVER_HANDSHAKE_TRAFFIC_SECRET 8650a81b53c55f5743e487040cdb730a3868477b7c462ee733026eec952df136 7c684c055ffa6e98ab99818017f0e18eaab6cfdd676d669b07104f776155e7a9cc0a4300178331b2d6c2daab1b5f258e
EXPORTER_SECRET 8650a81b53c55f5743e487040cdb730a3868477b7c462ee733026eec952df136 ebbfaf50872175e4727d700c2518dcf4ae93c47e54233a37d1cc8c051089bd37fce711524585d133908a4b220587c5fd
SERVER_TRAFFIC_SECRET_0 8650a81b53c55f5743e487040cdb730a3868477b7c462ee733026eec952df136 e41918958a662c92fdc8c843a1de01488a02709e813eacd0de220e072b136dff1fd2b9d49245d4db102d9ff46d6672d8
CLIENT_HANDSHAKE_TRAFFIC_SECRET 8650a81b53c55f5743e487040cdb730a3868477b7c462ee733026eec952df136 fd0f24b533d3c7f8cf42f3935108f11bc56405cf24f30b46e440730c60f6251fb098869e81ad87dedb67f41a49716bad
CLIENT_TRAFFIC_SECRET_0 8650a81b53c55f5743e487040cdb730a3868477b7c462ee733026eec952df136 47a8ec6e94a8daf23807b08799aca044f94e5643e6457dd93cc9f4d82395560c6b330296952a1264ee02fdba79795912
SERVER_HANDSHAKE_TRAFFIC_SECRET 3be3acbc985d596930a3908caf673a63e339af514f06482e5e235c9b7a865dff 401e618ea3dce27e304ee4c6b4d7caaf1ba52304934d6112e89baec58483f5f0888c00136db396ba24c2df94a153d09f
EXPORTER_SECRET 3be3acbc985d596930a3908caf673a63e339af514f06482e5e235c9b7a865dff 1af458029ec3ec282162ebbe51e2c449c30e4fc7d4569f683dc5ba55990ce55999a322e407c0320d8182bacddb66ed09
SERVER_TRAFFIC_SECRET_0 3be3acbc985d596930a3908caf673a63e339af514f06482e5e235c9b7a865dff 826dcebec135c177c6da13c7287386b28dc5b1a4a2c1c09e71ef39b268c02bfad7504c19c7b90790fea78d27848c70c7
CLIENT_HANDSHAKE_TRAFFIC_SECRET 3be3acbc985d596930a3908caf673a63e339af514f06482e5e235c9b7a865dff 65dde4ee60fd7dc79f3e32d82d650790eba1ecb007ea4c4ae2ccc24bfbe1b9eab9258ab2056ca4f630a6c48f3cd47e53
CLIENT_TRAFFIC_SECRET_0 3be3acbc985d596930a3908caf673a63e339af514f06482e5e235c9b7a865dff e7498edae0cdb68dc2df8431d99e6f0a067261646fddc73b95bcf054dde17c2e2ec9037f80f6c1e013d6ef97d6354fcb
SERVER_HANDSHAKE_TRAFFIC_SECRET 0f42b30f51d41f4c50a6febd25fb790d2d763bdd867dc7118fa6c4a2f110f9cd 1f3db1eb9eb1b22acf280e927b66089ab8d63e704bf750a3914c3df4108268aa596b4bf3b4454ea475708e784aa3eb4d
EXPORTER_SECRET 0f42b30f51d41f4c50a6febd25fb790d2d763bdd867dc7118fa6c4a2f110f9cd db73f36006cd2ca8106f78bb5aecb26dda664d0800a01da3b887c2766a01816e2aecf3029d46a22b50eb80a14238980c
SERVER_TRAFFIC_SECRET_0 0f42b30f51d41f4c50a6febd25fb790d2d763bdd867dc7118fa6c4a2f110f9cd fb4dff95ddc210a35874711c6284e83755df6dfdc406b2ee42dd873bad0cc7a2397d6fb64a97f887bec0752e791a1435
CLIENT_HANDSHAKE_TRAFFIC_SECRET 0f42b30f51d41f4c50a6febd25fb790d2d763bdd867dc7118fa6c4a2f110f9cd 063f94131d80a447ccd87203a9724f8b539cce0ca8091b180ae21fc98ce534ef4e8bf9395e490e94c778a9134fdd9814
CLIENT_TRAFFIC_SECRET_0 0f42b30f51d41f4c50a6febd25fb790d2d763bdd867dc7118fa6c4a2f110f9cd 5b639265803de60792966d331ac0ac06602a1a2f254d150a9983f125b09f5f95156c5d37a70dd36a17c88c1e16e3e192
SERVER_HANDSHAKE_TRAFFIC_SECRET 73da6b7312eeb7540e9440505eb1d26d1412bf6867928d52c7791e9b3b7e62f2 d7cfec4ff1d310d456b07c69567687f88683b4cc51792c5a352768ef57cb1744263f9ceb4b21f66d573fa819a2b84b49
EXPORTER_SECRET 73da6b7312eeb7540e9440505eb1d26d1412bf6867928d52c7791e9b3b7e62f2 55ad0c337cf434a19726c7b8291c7603e6d7e0efcb686b5305e788610f714c1dcf7e0e7614cbc882253a47a746cd997e
SERVER_TRAFFIC_SECRET_0 73da6b7312eeb7540e9440505eb1d26d1412bf6867928d52c7791e9b3b7e62f2 0dede6f504d62c99e866787684c9f56e71a7667f3e06562e5f48c124d529e6e3119bca500d6dc772b8b917cd8ab9302e
CLIENT_HANDSHAKE_TRAFFIC_SECRET 73da6b7312eeb7540e9440505eb1d26d1412bf6867928d52c7791e9b3b7e62f2 abff6d48a82d8945cb3769dfdaa179413a77f6fce814535d62c9cd02024f45670c40dc50fed957e4bb3b74a18b2a7dae
CLIENT_TRAFFIC_SECRET_0 73da6b7312eeb7540e9440505eb1d26d1412bf6867928d52c7791e9b3b7e62f2 670e8845150ff4d7af1855d9455a4dffaaac78c1c8cd09f0af970583a8bfb4fb78a3695ff286bf2d7f5b088264267180
SERVER_HANDSHAKE_TRAFFIC_SECRET 6981072a8c2d407a618f7ba80a18aa20d96ac486cd420f159028cb2764c4ce86 1c6c560433b2fe2be67048def99cdd3868291b9661b01e2755f685ab237bfb6a8929bfa4f98fcbc38cc6b81e2d50ef04
EXPORTER_SECRET 6981072a8c2d407a618f7ba80a18aa20d96ac486cd420f159028cb2764c4ce86 be273c5b3b4b587ec9f56e7048cfa012fcb3efec5b3c4f49020dd549752bc77ce80e35b6f3af02cdad5eb3b00c5a0a34
SERVER_TRAFFIC_SECRET_0 6981072a8c2d407a618f7ba80a18aa20d96ac486cd420f159028cb2764c4ce86 2b86ef772e61d4dd41727b7afd4717926d5aa43a5284a8193952c18dfef24ba11432189b65d2b9a283bc3ef961e9df27
CLIENT_HANDSHAKE_TRAFFIC_SECRET 6981072a8c2d407a618f7ba80a18aa20d96ac486cd420f159028cb2764c4ce86 b4dc1696065bcf47477a6302a1d1fb7d2fe02aa9bc5991f81beed2a6d973c31f6942b44e16111b07a57384c168faaeb5
CLIENT_TRAFFIC_SECRET_0 6981072a8c2d407a618f7ba80a18aa20d96ac486cd420f159028cb2764c4ce86 dd73bb09af2d1e38b0b19d054be9063c83eea8a06b1221881f3c5e8ee7bfa44e4eca5e769d1f6679b5b8f3178c0a3acd
SERVER_HANDSHAKE_TRAFFIC_SECRET 91f83917268341a91252c6477f40e0559cf6ded750f18338961ead61150e1b41 39f281090a2311648aa83170fb05721deab0e747f3e1102b6d354840ff94c2fa98fc0613b1ee64dc169a6a1fc24729ce
EXPORTER_SECRET 91f83917268341a91252c6477f40e0559cf6ded750f18338961ead61150e1b41 bf138da0a55c0b979bf51548fff496d66d90b49753ef3a52cae592668c628179eac777758f7ec255a6e218f76d5505cf
SERVER_TRAFFIC_SECRET_0 91f83917268341a91252c6477f40e0559cf6ded750f18338961ead61150e1b41 885e0c7bc6adbf4436acd5b6c3ce30fc1433a45ce6cfe9849cd885381fb1df2d8f781ea189fdad74d10523aff36e5a79
CLIENT_HANDSHAKE_TRAFFIC_SECRET 91f83917268341a91252c6477f40e0559cf6ded750f18338961ead61150e1b41 bdc44fb681303d44c44a85713efe85a62710adc7fa5e519549cc5a7a29b424968f94831586449bfc10af09de5e4e3211
CLIENT_TRAFFIC_SECRET_0 91f83917268341a91252c6477f40e0559cf6ded750f18338961ead61150e1b41 2f9db84701dde0249dc137518d1fa377d2ed1d1597e9cd8c3eb73240a21880188335d3d7492d528aa7e010e545ce420a
SERVER_HANDSHAKE_TRAFFIC_SECRET a01819a091991b9c9ccd799641071d8dd973f0971fc2dca723448b96d5332381 0a3a6ecf3c5394f8ac3f7538ac643123178d3489091c2a661de40b3759549d828c65b88d6c29bcba99f0382fa02c031d
EXPORTER_SECRET a01819a091991b9c9ccd799641071d8dd973f0971fc2dca723448b96d5332381 94beb90440db764fdb70eeea177d8978d0e40bc4a8b050690464a164e0b73444cb620aa02bbe43d4d4d23bfb5fcf78bf
SERVER_TRAFFIC_SECRET_0 a01819a091991b9c9ccd799641071d8dd973f0971fc2dca723448b96d5332381 fcb3fe7356fdbf371cd818aa671cf2544d4ac6bad5c77799795c5c43f688edc0df7b673501a14bca08b44b5e3ae13d81
CLIENT_HANDSHAKE_TRAFFIC_SECRET a01819a091991b9c9ccd799641071d8dd973f0971fc2dca723448b96d5332381 6478b4e9ae7328085fad051950379083a313e2d68ba5155eed17c54b6ceb812470abd307148f4d0e7b5105f0397c41b5
CLIENT_TRAFFIC_SECRET_0 a01819a091991b9c9ccd799641071d8dd973f0971fc2dca723448b96d5332381 d4196bfbdeadf81d7039a42a4e60d597895063cf70a0b9df4c93143e1e4b4c0578e73f8c37997f7c6c1514787662b330
SERVER_HANDSHAKE_TRAFFIC_SECRET eedf3f4b69c132dccd42d92a9d9c60b7d0deb0e03d928483dffe85366843a81d 8a1a72d0146252b7a395901c2630ab17c5c60a2b32f99d3a56a6cee06bfd7f91216a7a806337d22abe597eb60c7867e3
EXPORTER_SECRET eedf3f4b69c132dccd42d92a9d9c60b7d0deb0e03d928483dffe85366843a81d 67ad0862b0310dcfb3a621047c75d3d67bc0e5231f72d02cfb9b675ea283045cd0d7f47631892491217e469436c80b85
SERVER_TRAFFIC_SECRET_0 eedf3f4b69c132dccd42d92a9d9c60b7d0deb0e03d928483dffe85366843a81d a681b8096fd56a89d09ba2fd7c309241af5ac430cd26246e80e016c4d6dbfebfe5020a6dc14c9bbc8ce0b4f264054422
CLIENT_HANDSHAKE_TRAFFIC_SECRET eedf3f4b69c132dccd42d92a9d9c60b7d0deb0e03d928483dffe85366843a81d 2aa5378bf0aaf7427c5fbe95a21cfb256a9e4e98ea75d35000713512baf0639e0584f14341c31ba5bf471b2c1c98bef0
CLIENT_TRAFFIC_SECRET_0 eedf3f4b69c132dccd42d92a9d9c60b7d0deb0e03d928483dffe85366843a81d 30ddebaef4e5152ae3c9661dce50692cdf5e9b41a1af3bc28f26b526e14a55b1d3fbae562ff2c9a02d4d754b0519c1bc
SERVER_HANDSHAKE_TRAFFIC_SECRET a79f56d8f4820efaae12d86c2344274be49689c289472ddb4bb8e90089f8f965 874faaaac34c1e2bb55ef6f907e21555296e4f4ebc219ca7321df012d271ae98ca8f496584a131cefaa5436555c67bbd
EXPORTER_SECRET a79f56d8f4820efaae12d86c2344274be49689c289472ddb4bb8e90089f8f965 c5268d3230a1c68dfbef4c22c4517b510eb2e8941b20c87bdd4dcda9080c41fa4fa9f7b64a5a98dfed84132ae264b832
SERVER_TRAFFIC_SECRET_0 a79f56d8f4820efaae12d86c2344274be49689c289472ddb4bb8e90089f8f965 a2294602d0b094f43dbef48b35cf1fd050c773bf91d41a6daacfbe35525e09731580f29ab50a9cfea587906275b82a26
CLIENT_HANDSHAKE_TRAFFIC_SECRET a79f56d8f4820efaae12d86c2344274be49689c289472ddb4bb8e90089f8f965 627d69021d2de74e639989bca3980b8c26899121b295c9a8d5e8e8ce03131c6cba22c1675f444224f69759487c77fa5f
CLIENT_TRAFFIC_SECRET_0 a79f56d8f4820efaae12d86c2344274be49689c289472ddb4bb8e90089f8f965 d45913174442c045c205846b222503cecb43512fa5f2ce7c1831bdd5aec6e0c26617007801c0cdd2a412043d3a4ed560
SERVER_HANDSHAKE_TRAFFIC_SECRET 04a5208dba698cde50b91b65f27941680a35b0d7adeba8b36d4fb25ac60a8168 a7dd67bdee04740565ddf3435fac30c15471e9a0681ab39a38dc9150dc356b41c41a9854753aeeeb5a234c7a8af670ce
EXPORTER_SECRET 04a5208dba698cde50b91b65f27941680a35b0d7adeba8b36d4fb25ac60a8168 893bd04435fddb9e1c0d5b0281f136ae35ead13eb5f25d89a11097e88fa3c5f17b8a7ec32182ba03079c0a382bb7acca
SERVER_TRAFFIC_SECRET_0 04a5208dba698cde50b91b65f27941680a35b0d7adeba8b36d4fb25ac60a8168 dcd910abe8153e900c4a7bbd1e720cc31e771a6e962fabeb8a7687686263e8246cebd1347864e646697bc958d90bde88
CLIENT_HANDSHAKE_TRAFFIC_SECRET 04a5208dba698cde50b91b65f27941680a35b0d7adeba8b36d4fb25ac60a8168 c91d7b9462b58a8c478360ea6d3cb676f5ead5f632e0fb7f4bda29daacc37f0f518d5ba41eddc218ec32085aabbe6843
CLIENT_TRAFFIC_SECRET_0 04a5208dba698cde50b91b65f27941680a35b0d7adeba8b36d4fb25ac60a8168 34879c773bd829cf389cf2feecda98550e28d00c5c344c9b34e04f4cc01e74065cbf6a7351395da75acb87c241eeb751
SERVER_HANDSHAKE_TRAFFIC_SECRET f08c81545b81d57998d954c02734bfdb0aa5486f2c7f2de039da8beccc9fdaf8 ea2d29d7e023c46baccfe0ce2786ebcddef284001eebc1e6ad0f34ba7106d9585da5b22cd24a76b110c5cd227e6a9272
EXPORTER_SECRET f08c81545b81d57998d954c02734bfdb0aa5486f2c7f2de039da8beccc9fdaf8 ea312dd7ad8b731dbc1cfc2bcd509e5e622eb11360559180c19338a5cf64c2751e24e63d4df1bfd8c4970cf5a6137fae
SERVER_TRAFFIC_SECRET_0 f08c81545b81d57998d954c02734bfdb0aa5486f2c7f2de039da8beccc9fdaf8 e5ccd8b1777680fb92dd8fdae63d9fb6096220474687264ae36aa53839ae16d966d5e5c4f445cf3ce74d2be5a83a82d7
CLIENT_HANDSHAKE_TRAFFIC_SECRET f08c81545b81d57998d954c02734bfdb0aa5486f2c7f2de039da8beccc9fdaf8 ecf75b0bd0eaca9e90d6c6e2c3a7bc39675028ea008f6e6601418080f329bec4fb96ab519683513b690ed80852ae6664
CLIENT_TRAFFIC_SECRET_0 f08c81545b81d57998d954c02734bfdb0aa5486f2c7f2de039da8beccc9fdaf8 a6da37ef932ea9db0b78c212d11a9e51158ebfdd5f7804fb1014e4676fc25f45cfc34d0c2c20fb79be4e006c19f0b4b6
SERVER_HANDSHAKE_TRAFFIC_SECRET 9adc15d9d515bd55f890ec46b85c2871010af5a0dda0ccd2cb3a8dcb9bb4b523 7cac47da2ec95a8445e7a6ccf76ca8ba15a6d4475fc92a3e3073866173249de1112a7f2207057cbe8ea3027abbdd6f72
EXPORTER_SECRET 9adc15d9d515bd55f890ec46b85c2871010af5a0dda0ccd2cb3a8dcb9bb4b523 3b24f4e6d2769175e5f567d52be4e61d01656e5f3ae3ca7a7c3ac0c79c843988320331d0d95273fc2b0ddf65999a1512
SERVER_TRAFFIC_SECRET_0 9adc15d9d515bd55f890ec46b85c2871010af5a0dda0ccd2cb3a8dcb9bb4b523 da235c8217f9668fec440299b1cb20d077a4c49ac996a126d5e7b1bd37b803e30c1940933aa4ada1e931098bf2639696
CLIENT_HANDSHAKE_TRAFFIC_SECRET 9adc15d9d515bd55f890ec46b85c2871010af5a0dda0ccd2cb3a8dcb9bb4b523 792ddb073954a35637812ad935d50081b31bbe66210c395deddc8eb2ee70fa25d8485959268da4b7cd8c2e55fb8e890a
CLIENT_TRAFFIC_SECRET_0 9adc15d9d515bd55f890ec46b85c2871010af5a0dda0ccd2cb3a8dcb9bb4b523 6331d245044593d0a679c2aaa5cc195326b0a862b2ee041cb9432809cf19dd2e07bfdcd1855d8e324aa1947e83d8bd20
SERVER_HANDSHAKE_TRAFFIC_SECRET 96897b9388439a12b1468647891c7dc5d74eaf3e4a260aed8754c281704054ae c065e19103a25591f9ffd154b57c8752e53a136b42a8157fc8801644c98ccd4e3415185354f8e18de1e760eb687aec49
EXPORTER_SECRET 96897b9388439a12b1468647891c7dc5d74eaf3e4a260aed8754c281704054ae 463924b84e42475e48adec18b3f7bf6ca9682ec0d28a27c5346e4637467765d1ec90dac63fcc17709125033be23a46da
SERVER_TRAFFIC_SECRET_0 96897b9388439a12b1468647891c7dc5d74eaf3e4a260aed8754c281704054ae 24e4788d321c737a02070851a96131504f212cafa2b5e4283d221440c658b9d13d637151a1cc678f6c7afd0f90c2d6bf
CLIENT_HANDSHAKE_TRAFFIC_SECRET 96897b9388439a12b1468647891c7dc5d74eaf3e4a260aed8754c281704054ae 77886175691207c42c48bf2a6957d4cbc2c79924012dbd1805c7d2f036f3adebf28c5a438cf273f030fc72784b059913
CLIENT_TRAFFIC_SECRET_0 96897b9388439a12b1468647891c7dc5d74eaf3e4a260aed8754c281704054ae 7f857c3f2f0aec46383ca8605327fe7bcef5b846273517a2020ed7936e32223728d7420de94d1fd4d5e86bd80ff5e3f1
SERVER_HANDSHAKE_TRAFFIC_SECRET 097b825884f2510d4aba8bb658c6d12d699cd96494dce1a7e888f49431a112f6 b1cec3aef4b698c7692549f3dc1ee0bcde7eb02450e2b37490f546bd8e0d385de48eace5042c77b8be18a871a86d186d
EXPORTER_SECRET 097b825884f2510d4aba8bb658c6d12d699cd96494dce1a7e888f49431a112f6 0e9fcd3d8d570d6638bd858f8787822e7e1787fb714f0c60c368d3bdc7aa512703a6a4000ad62b9d8534aa48217d9541
SERVER_TRAFFIC_SECRET_0 097b825884f2510d4aba8bb658c6d12d699cd96494dce1a7e888f49431a112f6 1046d3bd5ca19b0f1a5d9dfaa519662728b1fcd0f8615dc1a3f9a87318f7087357fe5e85ae7dfdb8f13ff43639c9b0de
CLIENT_HANDSHAKE_TRAFFIC_SECRET 097b825884f2510d4aba8bb658c6d12d699cd96494dce1a7e888f49431a112f6 8af8535b2ca5d5a9e96cb94c363e1bfd4d854642fb3b7418966f00e67388843bdbe8bbc6db6bdfdb72cacafa6e6be32f
CLIENT_TRAFFIC_SECRET_0 097b825884f2510d4aba8bb658c6d12d699cd96494dce1a7e888f49431a112f6 d19fd6f1f8d209d7a52086db479647b0f3c2dff418ce7593863f8fa0fa8e27b8f5e25404da638edb20713f112b285ddf
SERVER_HANDSHAKE_TRAFFIC_SECRET e29c2b41cc76d6249c432101d25332b27a2896587b7a26f892a81b0bbcbf08df 47a62e3792405b1d3d366ef5d854fce1614cd4e2ae5cd7b0a07543b8d2c36eab6dc6df398f371119710163d420524e6d
EXPORTER_SECRET e29c2b41cc76d6249c432101d25332b27a2896587b7a26f892a81b0bbcbf08df 716d1207a9b2e1f386196fa4af5569788b28f24569b222de6f703fab6da96b70ebb7295ead87e0b3ba071020b6e13ef4
SERVER_TRAFFIC_SECRET_0 e29c2b41cc76d6249c432101d25332b27a2896587b7a26f892a81b0bbcbf08df 5308ad44009b33ac716fed0a32eee8436245e16d2cc6890a43d75c19281152202d137545c29c976843c5984ffde38482
CLIENT_HANDSHAKE_TRAFFIC_SECRET e29c2b41cc76d6249c432101d25332b27a2896587b7a26f892a81b0bbcbf08df 93e98129fcf1d9b7e50e785b4abae369349c49685a244e586bb639f7d92c94a65fa6fe20091bcb712d0d67829f06d43d
CLIENT_TRAFFIC_SECRET_0 e29c2b41cc76d6249c432101d25332b27a2896587b7a26f892a81b0bbcbf08df 76f7681d51eeab1b05b6781080e534161fccd0e4cdfec2f8410ae33557b74d87b2c5033913f361c2de5cecf3ec7ab153
